{"title": "Google", "url": "https://google.com"}
{"title": "Browse All of Google&#39;s Products &amp; Services - Google", "url": "https://www.google.com/intl/en/about/products?tab=wh"}
{"title": "Gmail", "url": "https://mail.google.com/mail/?tab=wm"}
{"title": "Meet Google Drive \u2013 One place for all your files", "url": "https://drive.google.com/?tab=wo"}
{"title": " Google - Search Customization ", "url": "http://www.google.com/history/optout?hl=en"}
{"title": "Android Auto Help", "url": "https://support.google.com/androidauto/?hl=en"}
{"title": "One-tap actions and more places to experience Google Photos", "url": "https://www.blog.google/products/photos/take-action-sharing-editing/"}
{"title": "\u200eYouTube: Watch, Listen, Stream on the App\u00a0Store", "url": "https://itunes.apple.com/app/youtube/id544007664?mt=8"}
{"title": "Google Sheets - Docs Editors Help", "url": "https://support.google.com/docs/topic/2811806?hl=en"}
{"title": "Turning your house into a smart home with the Google Assistant", "url": "https://www.blog.google/products/assistant/turning-your-house-smart-home-google-assistant/"}
{"title": "\u200eGoogle Translate on the App\u00a0Store", "url": "https://itunes.apple.com/app/google-translate/id414706506?mt=8"}
{"title": "Android Help", "url": "https://support.google.com/android?hl=en"}
{"title": "Google", "url": "https://www.google.com/"}
{"title": "Voice", "url": "https://voice.google.com/"}
{"title": "Google Drive Help", "url": "https://support.google.com/drive/topic/6069797?hl=en"}
{"title": "Drive better results: An insider&#39;s look at the latest Google Ads innovations", "url": "https://www.blog.google/products/ads/drive-better-results-insiders-look-latest-google-ads-innovations/"}
{"title": "Manufacturer Center - Google for Retail", "url": "https://www.google.com/retail/solutions/manufacturer-center/"}
{"title": "\u200eGoogle Drive on the App\u00a0Store", "url": "https://itunes.apple.com/app/google-drive-free-online-storage/id507874739?mt=8"}
{"title": " Google Finance ", "url": "https://www.google.com/finance"}
{"title": "Crisis Response \u00e2\u0080\u0093 Google.org", "url": "https://www.google.org/our-work/crisis-response/"}
{"title": "Discover What You Can Do With Chromebook - Google Chromebooks", "url": "https://www.google.com/chromebook/howto/?hl=en"}
{"title": "Prepare for the next storm with a new weather experience on Android", "url": "https://www.blog.google/products/search/prepare-for-next-storm-with-new-weather/"}
{"title": "Google Maps Help", "url": "https://support.google.com/maps?hl=en"}
{"title": "Picture this: A fresh approach to Photos", "url": "https://www.blog.google/products/photos/picture-this-fresh-approach-to-photos/"}
{"title": "\u200eGoogle Play Movies &amp; TV on the App\u00a0Store", "url": "https://itunes.apple.com/app/google-play-movies-tv/id746894884?mt=8"}
{"title": "Google Chromebooks - Laptops, Detachables and Tablets", "url": "https://www.google.com/chromebook/"}
{"title": "YouTube", "url": "https://www.youtube.com/"}
{"title": "Free Cloud Storage for Personal Use - Google Drive", "url": "https://www.google.com/drive/"}
{"title": "Google Lens: real-time answers to questions about the world around you", "url": "https://www.blog.google/products/google-lens/google-lens-real-time-answers-questions-about-world-around-you/"}
{"title": "Google Fi - A Different Kind Of Phone Plan", "url": "https://fi.google.com/about/"}
{"title": "Meet Google Drive \u2013 One place for all your files", "url": "https://drive.google.com"}
